[2018-12-17 15:47:41] INFO [main: CodeCraft-2019.py, 21] car_path is config/car.txt
[2018-12-17 15:47:41] INFO [main: CodeCraft-2019.py, 22] road_path is config/road.txt
[2018-12-17 15:47:41] INFO [main: CodeCraft-2019.py, 23] cross_path is config/cross.txt
[2018-12-17 15:47:41] INFO [main: CodeCraft-2019.py, 24] answer_path is config/answer.txt[2019-03-21 16:52:34] INFO [main: CodeCraft-2019.py, 22] car_path is config/car.txt
[2019-03-21 16:52:34] INFO [main: CodeCraft-2019.py, 23] road_path is config/road.txt
[2019-03-21 16:52:34] INFO [main: CodeCraft-2019.py, 24] cross_path is config/cross.txt
[2019-03-21 16:52:34] INFO [main: CodeCraft-2019.py, 25] answer_path is config/answer.txt
[2019-03-21 16:59:20] INFO [main: CodeCraft-2019.py, 22] car_path is config/car.txt
[2019-03-21 16:59:20] INFO [main: CodeCraft-2019.py, 23] road_path is config/road.txt
[2019-03-21 16:59:20] INFO [main: CodeCraft-2019.py, 24] cross_path is config/cross.txt
[2019-03-21 16:59:20] INFO [main: CodeCraft-2019.py, 25] answer_path is config/answer.txt
[2019-03-21 17:01:59] INFO [main: CodeCraft-2019.py, 22] car_path is config/car.txt
[2019-03-21 17:01:59] INFO [main: CodeCraft-2019.py, 23] road_path is config/road.txt
[2019-03-21 17:01:59] INFO [main: CodeCraft-2019.py, 24] cross_path is config/cross.txt
[2019-03-21 17:01:59] INFO [main: CodeCraft-2019.py, 25] answer_path is config/answer.txt
[2019-03-21 17:42:37] INFO [main: CodeCraft-2019.py, 22] car_path is config/car.txt
[2019-03-21 17:42:37] INFO [main: CodeCraft-2019.py, 23] road_path is config/road.txt
[2019-03-21 17:42:37] INFO [main: CodeCraft-2019.py, 24] cross_path is config/cross.txt
[2019-03-21 17:42:37] INFO [main: CodeCraft-2019.py, 25] answer_path is config/answer.txt
[2019-03-21 18:51:59] INFO [main: CodeCraft-2019.py, 22] car_path is config/car.txt
[2019-03-21 18:51:59] INFO [main: CodeCraft-2019.py, 23] road_path is config/road.txt
[2019-03-21 18:51:59] INFO [main: CodeCraft-2019.py, 24] cross_path is config/cross.txt
[2019-03-21 18:51:59] INFO [main: CodeCraft-2019.py, 25] answer_path is config/answer.txt
